Arguments: 
  /home/d/.nvm/versions/node/v18.16.1/bin/node /usr/share/yarn/bin/yarn.js build

PATH: 
  /home/d/multiversx-sdk:/home/d/multiversx-sdk:/home/d/.nvm/versions/node/v18.16.1/bin:/home/d/.local/share/solana/install/active_release/bin:/home/d/.cargo/bin:/home/d/.local/bin:/home/d/bin:/usr/local/sbin:/usr/local/bin:/usr/sbin:/usr/bin:/sbin:/bin:/usr/games:/usr/local/games:/snap/bin:/home/d/.foundry/bin:/home/d/.foundry/bin:/usr/local/go/bin:/home/d/.foundry/bin:/home/d/.foundry/bin:/usr/local/go/bin

Yarn version: 
  1.22.19

Node version: 
  18.16.1

Platform: 
  linux x64

Trace: 
  Error: ENOSPC: no space left on device, mkdir '/tmp/yarn--1720793754145-0.1872504511623192'

npm manifest: 
  {
    "name": "xp-decentralized-sdk",
    "version": "1.0.0",
    "main": "dist/index.js",
    "author": "imsk17",
    "types": "dist/index.d.ts",
    "license": "MIT",
    "scripts": {
      "build": "tsc",
      "format": "npx @biomejs/biome format src/ --write",
      "lint": "npx @biomejs/biome lint src/"
    },
    "devDependencies": {
      "@biomejs/biome": "1.5.3",
      "@keplr-wallet/types": "^0.12.75",
      "@types/node": "^20.11.15",
      "lefthook": "^1.6.1",
      "typedoc": "^0.25.7",
      "typescript": "^5.3.3"
    },
    "dependencies": {
      "@aptos-labs/ts-sdk": "^1.22.2",
      "@cosmjs/amino": "^0.32.3",
      "@cosmjs/cosmwasm-stargate": "^0.32.3",
      "@multiversx/sdk-core": "^13.2.1",
      "@multiversx/sdk-network-providers": "^2.2.1",
      "@multiversx/sdk-wallet": "^4.3.0",
      "@taquito/taquito": "^19.0.0",
      "@taquito/tzip16": "^19.0.0",
      "@taquito/utils": "^19.0.0",
      "@ton/core": "^0.54.0",
      "@ton/crypto": "^3.2.0",
      "@ton/ton": "^13.9.0",
      "@tzkt/sdk-api": "^2.2.1",
      "@xp/cosmos-client": "git+https://github.com/XP-NETWORK/cosmos-client#bleeding-edge",
      "aptos": "^1.21.0",
      "axios": "^1.6.7",
      "ethers": "^6.10.0",
      "hashconnect": "^0.2.9",
      "secretjs": "^1.12.4-beta.0"
    }
  }

yarn manifest: 
  No manifest

Lockfile: 
  # THIS IS AN AUTOGENERATED FILE. DO NOT EDIT THIS FILE DIRECTLY.
  # yarn lockfile v1
  
  
  "@adraffy/ens-normalize@1.10.0":
    version "1.10.0"
    resolved "https://registry.yarnpkg.com/@adraffy/ens-normalize/-/ens-normalize-1.10.0.tgz#d2a39395c587e092d77cbbc80acf956a54f38bf7"
    integrity sha512-nA9XHtlAkYfJxY7bce8DcN7eKxWWCWkU+1GR9d+U6MbNpfwQp8TI7vqOsBsMcHoT4mBu2kypKoSKnghEzOOq5Q==
  
  "@apidevtools/json-schema-ref-parser@9.0.6":
    version "9.0.6"
    resolved "https://registry.yarnpkg.com/@apidevtools/json-schema-ref-parser/-/json-schema-ref-parser-9.0.6.tgz#5d9000a3ac1fd25404da886da6b266adcd99cf1c"
    integrity sha512-M3YgsLjI0lZxvrpeGVk9Ap032W6TPQkH6pRAZz81Ac3WUNF79VQooAFnp8umjvVzUmD93NkogxEwbSce7qMsUg==
    dependencies:
      "@jsdevtools/ono" "^7.1.3"
      call-me-maybe "^1.0.1"
      js-yaml "^3.13.1"
  
  "@apidevtools/openapi-schemas@^2.1.0":
    version "2.1.0"
    resolved "https://registry.yarnpkg.com/@apidevtools/openapi-schemas/-/openapi-schemas-2.1.0.tgz#9fa08017fb59d80538812f03fc7cac5992caaa17"
    integrity sha512-Zc1AlqrJlX3SlpupFGpiLi2EbteyP7fXmUOGup6/DnkRgjP9bgMM/ag+n91rsv0U1Gpz0H3VILA/o3bW7Ua6BQ==
  
  "@apidevtools/swagger-methods@^3.0.2":
    version "3.0.2"
    resolved "https://registry.yarnpkg.com/@apidevtools/swagger-methods/-/swagger-methods-3.0.2.tgz#b789a362e055b0340d04712eafe7027ddc1ac267"
    integrity sha512-QAkD5kK2b1WfjDS/UQn/qQkbwF31uqRjPTrsCs5ZG9BQGAkjwvqGFjjPqAuzac/IYzpPtRzjCP1WrTuAIjMrXg==
  
  "@apidevtools/swagger-parser@^10.1.0":
    version "10.1.0"
    resolved "https://registry.yarnpkg.com/@apidevtools/swagger-parser/-/swagger-parser-10.1.0.tgz#a987d71e5be61feb623203be0c96e5985b192ab6"
    integrity sha512-9Kt7EuS/7WbMAUv2gSziqjvxwDbFSg3Xeyfuj5laUODX8o/k/CpsAKiQ8W7/R88eXFTMbJYg6+7uAmOWNKmwnw==
    dependencies:
      "@apidevtools/json-schema-ref-parser" "9.0.6"
      "@apidevtools/openapi-schemas" "^2.1.0"
      "@apidevtools/swagger-methods" "^3.0.2"
      "@jsdevtools/ono" "^7.1.3"
      ajv "^8.6.3"
      ajv-draft-04 "^1.0.0"
      call-me-maybe "^1.0.1"
  
  "@aptos-labs/aptos-cli@^0.1.9":
    version "0.1.9"
    resolved "https://registry.yarnpkg.com/@aptos-labs/aptos-cli/-/aptos-cli-0.1.9.tgz#f2996659165a0f67daaef118eeabe3e925212782"
    integrity sha512-76uPNZ6JrpruN9H8bEU37GVhAHwdhmvp7ZXpMTFnlFOJnBYt0LHCxR3x+HCk4WZ1CRrPQ57lmO+5A58PiGuweA==
  
  "@aptos-labs/aptos-client@^0.1.0":
    version "0.1.0"
    resolved "https://registry.yarnpkg.com/@aptos-labs/aptos-client/-/aptos-client-0.1.0.tgz#911fb27e436e5731290de0e0cfce6e0d3feeabaa"
    integrity sha512-q3s6pPq8H2buGp+tPuIRInWsYOuhSEwuNJPwd2YnsiID3YSLihn2ug39ktDJAcSOprUcp7Nid8WK7hKqnUmSdA==
    dependencies:
      axios "1.6.2"
      got "^11.8.6"
  
  "@aptos-labs/ts-sdk@^1.22.2":
    version "1.22.2"
    resolved "https://registry.yarnpkg.com/@aptos-labs/ts-sdk/-/ts-sdk-1.22.2.tgz#a7f05f03ca5c62c6779bff06404e1ca08ba3ee83"
    integrity sha512-EUGFT6Emyrc8xqBxZB7fO6Xha98+Q3WWJNw56IOVbiMYaga5w7Dzj8rTYYHxvxyBfEbnNQHn4QcQfaciU2N4qA==
    dependencies:
      "@aptos-labs/aptos-cli" "^0.1.9"
      "@aptos-labs/aptos-client" "^0.1.0"
      "@noble/curves" "^1.4.0"
      "@noble/hashes" "^1.4.0"
      "@scure/bip32" "^1.4.0"
      "@scure/bip39" "^1.3.0"
      eventemitter3 "^5.0.1"
      form-data "^4.0.0"
      js-base64 "^3.7.7"
      jwt-decode "^4.0.0"
      poseidon-lite "^0.2.0"
  
  "@biomejs/biome@1.5.3":
    version "1.5.3"
    resolved "https://registry.yarnpkg.com/@biomejs/biome/-/biome-1.5.3.tgz#0762b9f681c247a228522e6c506060e734809d48"
    integrity sha512-yvZCa/g3akwTaAQ7PCwPWDCkZs3Qa5ONg/fgOUT9e6wAWsPftCjLQFPXBeGxPK30yZSSpgEmRCfpGTmVbUjGgg==
    optionalDependencies:
      "@biomejs/cli-darwin-arm64" "1.5.3"
      "@biomejs/cli-darwin-x64" "1.5.3"
      "@biomejs/cli-linux-arm64" "1.5.3"
      "@biomejs/cli-linux-arm64-musl" "1.5.3"
      "@biomejs/cli-linux-x64" "1.5.3"
      "@biomejs/cli-linux-x64-musl" "1.5.3"
      "@biomejs/cli-win32-arm64" "1.5.3"
      "@biomejs/cli-win32-x64" "1.5.3"
  
  "@biomejs/cli-darwin-arm64@1.5.3":
    version "1.5.3"
    resolved "https://registry.yarnpkg.com/@biomejs/cli-darwin-arm64/-/cli-darwin-arm64-1.5.3.tgz#8df0a562ca59b7a77151e26f67f45074644fab1c"
    integrity sha512-ImU7mh1HghEDyqNmxEZBoMPr8SxekkZuYcs+gynKlNW+TALQs7swkERiBLkG9NR0K1B3/2uVzlvYowXrmlW8hw==
  
  "@biomejs/cli-darwin-x64@1.5.3":
    version "1.5.3"
    resolved "https://registry.yarnpkg.com/@biomejs/cli-darwin-x64/-/cli-darwin-x64-1.5.3.tgz#ab5376f15d9e23b60ae2b0b51f7feee38a62bba2"
    integrity sha512-vCdASqYnlpq/swErH7FD6nrFz0czFtK4k/iLgj0/+VmZVjineFPgevOb+Sr9vz0tk0GfdQO60bSpI74zU8M9Dw==
  
  "@biomejs/cli-linux-arm64-musl@1.5.3":
    version "1.5.3"
    resolved "https://registry.yarnpkg.com/@biomejs/cli-linux-arm64-musl/-/cli-linux-arm64-musl-1.5.3.tgz#a2ba748a6cf94e2288244294a8e36a7db153982f"
    integrity sha512-DYuMizUYUBYfS0IHGjDrOP1RGipqWfMGEvNEJ398zdtmCKLXaUvTimiox5dvx4X15mBK5M2m8wgWUgOP1giUpQ==
  
  "@biomejs/cli-linux-arm64@1.5.3":
    version "1.5.3"
    resolved "https://registry.yarnpkg.com/@biomejs/cli-linux-arm64/-/cli-linux-arm64-1.5.3.tgz#c805d48a4740cadd4fbdc22bf74d86b6e10ed84e"
    integrity sha512-cupBQv0sNF1OKqBfx7EDWMSsKwRrBUZfjXawT4s6hKV6ALq7p0QzWlxr/sDmbKMLOaLQtw2Qgu/77N9rm+f9Rg==
  
  "@biomejs/cli-linux-x64-musl@1.5.3":
    version "1.5.3"
    resolved "https://registry.yarnpkg.com/@biomejs/cli-linux-x64-musl/-/cli-linux-x64-musl-1.5.3.tgz#b524a85e46724543eb0f3eda143dd62e58d6e148"
    integrity sha512-UUHiAnlDqr2Y/LpvshBFhUYMWkl2/Jn+bi3U6jKuav0qWbbBKU/ByHgR4+NBxpKBYoCtWxhnmatfH1bpPIuZMw==
  
  "@biomejs/cli-linux-x64@1.5.3":
    version "1.5.3"
    resolved "https://registry.yarnpkg.com/@biomejs/cli-linux-x64/-/cli-linux-x64-1.5.3.tgz#3934339eac9ec14307cb73541158cbf1695bfb79"
    integrity sha512-YQrSArQvcv4FYsk7Q91Yv4uuu5F8hJyORVcv3zsjCLGkjIjx2RhjYLpTL733SNL7v33GmOlZY0eFR1ko38tuUw==
  
  "@biomejs/cli-win32-arm64@1.5.3":
    version "1.5.3"
    resolved "https://registry.yarnpkg.com/@biomejs/cli-win32-arm64/-/cli-win32-arm64-1.5.3.tgz#db337fc521bd046015499d8bbc02835dbd93f01c"
    integrity sha512-HxatYH7vf/kX9nrD+pDYuV2GI9GV8EFo6cfKkahAecTuZLPxryHx1WEfJthp5eNsE0+09STGkKIKjirP0ufaZA==
  
  "@biomejs/cli-win32-x64@1.5.3":
    version "1.5.3"
    resolved "https://registry.yarnpkg.com/@biomejs/cli-win32-x64/-/cli-win32-x64-1.5.3.tgz#1a424f26b709bc17fc592de18e8f48a6d2a44c86"
    integrity sha512-fMvbSouZEASU7mZH8SIJSANDm5OqsjgtVXlbUqxwed6BP7uuHRSs396Aqwh2+VoW8fwTpp6ybIUoC9FrzB0kyA==
  
  "@confio/ics23@^0.6.8":
    version "0.6.8"
    resolved "https://registry.yarnpkg.com/@confio/ics23/-/ics23-0.6.8.tgz#2a6b4f1f2b7b20a35d9a0745bb5a446e72930b3d"
    integrity sha512-wB6uo+3A50m0sW/EWcU64xpV/8wShZ6bMTa7pF8eYsTrSkQA7oLUIJcs/wb8g4y2Oyq701BaGiO6n/ak5WXO1w==
    dependencies:
      "@noble/hashes" "^1.0.0"
      protobufjs "^6.8.8"
  
  "@cosmjs/amino@^0.32.3":
    version "0.32.3"
    resolved "https://registry.yarnpkg.com/@cosmjs/amino/-/amino-0.32.3.tgz#b81d4a2b8d61568431a1afcd871e1344a19d97ff"
    integrity sha512-G4zXl+dJbqrz1sSJ56H/25l5NJEk/pAPIr8piAHgbXYw88OdAOlpA26PQvk2IbSN/rRgVbvlLTNgX2tzz1dyUA==
    dependencies:
      "@cosmjs/crypto" "^0.32.3"
      "@cosmjs/encoding" "^0.32.3"
      "@cosmjs/math" "^0.32.3"
      "@cosmjs/utils" "^0.32.3"
  
  "@cosmjs/cosmwasm-stargate@^0.32.3":
    version "0.32.3"
    resolved "https://registry.yarnpkg.com/@cosmjs/cosmwasm-stargate/-/cosmwasm-stargate-0.32.3.tgz#26a110a6bb0c15fdeef647e3433bd9553a1acd5f"
    integrity sha512-pqkt+QsLIPNMTRh9m+igJgIpzXXgn1BxmxfAb9zlC23kvsuzY/12un9M7iAdim1NwKXDFeYw46xC2YkprwQp+g==
    dependencies:
      "@cosmjs/amino" "^0.32.3"
      "@cosmjs/crypto" "^0.32.3"
      "@cosmjs/encoding" "^0.32.3"
      "@cosmjs/math" "^0.32.3"
      "@cosmjs/proto-signing" "^0.32.3"
      "@cosmjs/stargate" "^0.32.3"
      "@cosmjs/tendermint-rpc" "^0.32.3"
      "@cosmjs/utils" "^0.32.3"
      cosmjs-types "^0.9.0"
      pako "^2.0.2"
  
  "@cosmjs/crypto@^0.32.3":
    version "0.32.3"
    resolved "https://registry.yarnpkg.com/@cosmjs/crypto/-/crypto-0.32.3.tgz#787f8e659709678722068ee1ddf379f65051a25e"
    integrity sha512-niQOWJHUtlJm2GG4F00yGT7sGPKxfUwz+2qQ30uO/E3p58gOusTcH2qjiJNVxb8vScYJhFYFqpm/OA/mVqoUGQ==
    dependencies:
      "@cosmjs/encoding" "^0.32.3"
      "@cosmjs/math" "^0.32.3"
      "@cosmjs/utils" "^0.32.3"
      "@noble/hashes" "^1"
      bn.js "^5.2.0"
      elliptic "^6.5.4"
      libsodium-wrappers-sumo "^0.7.11"
  
  "@cosmjs/encoding@0.27.1":
    version "0.27.1"
    resolved "https://registry.yarnpkg.com/@cosmjs/encoding/-/encoding-0.27.1.tgz#3cd5bc0af743485eb2578cdb08cfa84c86d610e1"
    integrity sha512-rayLsA0ojHeniaRfWWcqSsrE/T1rl1gl0OXVNtXlPwLJifKBeLEefGbOUiAQaT0wgJ8VNGBazVtAZBpJidfDhw==
    dependencies:
      base64-js "^1.3.0"
      bech32 "^1.1.4"
      readonly-date "^1.0.0"
  
  "@cosmjs/encoding@^0.32.3":
    version "0.32.3"
    resolved "https://registry.yarnpkg.com/@cosmjs/encoding/-/encoding-0.32.3.tgz#e245ff511fe4a0df7ba427b5187aab69e3468e5b"
    integrity sha512-p4KF7hhv8jBQX3MkB3Defuhz/W0l3PwWVYU2vkVuBJ13bJcXyhU9nJjiMkaIv+XP+W2QgRceqNNgFUC5chNR7w==
    dependencies:
      base64-js "^1.3.0"
      bech32 "^1.1.4"
      readonly-date "^1.0.0"
  
  "@cosmjs/json-rpc@^0.32.3":
    version "0.32.3"
    resolved "https://registry.yarnpkg.com/@cosmjs/json-rpc/-/json-rpc-0.32.3.tgz#ccffdd7f722cecfab6daaa7463843b92f5d25355"
    integrity sha512-JwFRWZa+Y95KrAG8CuEbPVOSnXO2uMSEBcaAB/FBU3Mo4jQnDoUjXvt3vwtFWxfAytrWCn1I4YDFaOAinnEG/Q==
    dependencies:
      "@cosmjs/stream" "^0.32.3"
      xstream "^11.14.0"
  
  "@cosmjs/math@0.27.1":
    version "0.27.1"
    resolved "https://registry.yarnpkg.com/@cosmjs/math/-/math-0.27.1.tgz#be78857b008ffc6b1ed6fecaa1c4cd5bc38c07d7"
    integrity sha512-cHWVjmfIjtRc7f80n7x+J5k8pe+vTVTQ0lA82tIxUgqUvgS6rogPP/TmGtTiZ4+NxWxd11DUISY6gVpr18/VNQ==
    dependencies:
      bn.js "^5.2.0"
  
  "@cosmjs/math@^0.32.3":
    version "0.32.3"
    resolved "https://registry.yarnpkg.com/@cosmjs/math/-/math-0.32.3.tgz#16e4256f4da507b9352327da12ae64056a2ba6c9"
    integrity sha512-amumUtZs8hCCnV+lSBaJIiZkGabQm22QGg/IotYrhcmoOEOjt82n7hMNlNXRs7V6WLMidGrGYcswB5zcmp0Meg==
    dependencies:
      bn.js "^5.2.0"
  
  "@cosmjs/proto-signing@^0.32.3":
    version "0.32.3"
    resolved "https://registry.yarnpkg.com/@cosmjs/proto-signing/-/proto-signing-0.32.3.tgz#91ae149b747d18666a6ccc924165b306431f7c0d"
    integrity sha512-kSZ0ZUY0DwcRT0NcIn2HkadH4NKlwjfZgbLj1ABwh/4l0RgeT84QCscZCu63tJYq3K6auwqTiZSZERwlO4/nbg==
    dependencies:
      "@cosmjs/amino" "^0.32.3"
      "@cosmjs/crypto" "^0.32.3"
      "@cosmjs/encoding" "^0.32.3"
      "@cosmjs/math" "^0.32.3"
      "@cosmjs/utils" "^0.32.3"
      cosmjs-types "^0.9.0"
  
  "@cosmjs/socket@^0.32.3":
    version "0.32.3"
    resolved "https://registry.yarnpkg.com/@cosmjs/socket/-/socket-0.32.3.tgz#fa5c36bf58e87c0ad865d6318ecb0f8d9c89a28a"
    integrity sha512-F2WwNmaUPdZ4SsH6Uyreq3wQk7jpaEkb3wfOP951f5Jt6HCW/PxbxhKzHkAAf6+Sqks6SPhkbWoE8XaZpjL2KA==
    dependencies:
      "@cosmjs/stream" "^0.32.3"
      isomorphic-ws "^4.0.1"
      ws "^7"
      xstream "^11.14.0"
  
  "@cosmjs/stargate@^0.32.3":
    version "0.32.3"
    resolved "https://registry.yarnpkg.com/@cosmjs/stargate/-/stargate-0.32.3.tgz#5a92b222ada960ebecea72cc9f366370763f4b66"
    integrity sha512-OQWzO9YWKerUinPIxrO1MARbe84XkeXJAW0lyMIjXIEikajuXZ+PwftiKA5yA+8OyditVmHVLtPud6Pjna2s5w==
    dependencies:
      "@confio/ics23" "^0.6.8"
      "@cosmjs/amino" "^0.32.3"
      "@cosmjs/encoding" "^0.32.3"
      "@cosmjs/math" "^0.32.3"
      "@cosmjs/proto-signing" "^0.32.3"
      "@cosmjs/stream" "^0.32.3"
      "@cosmjs/tendermint-rpc" "^0.32.3"
      "@cosmjs/utils" "^0.32.3"
      cosmjs-types "^0.9.0"
      xstream "^11.14.0"
  
  "@cosmjs/stream@^0.32.3":
    version "0.32.3"
    resolved "https://registry.yarnpkg.com/@cosmjs/stream/-/stream-0.32.3.tgz#7522579aaf18025d322c2f33d6fb7573220395d6"
    integrity sha512-J2zVWDojkynYifAUcRmVczzmp6STEpyiAARq0rSsviqjreGIfspfuws/8rmkPa6qQBZvpQOBQCm2HyZZwYplIw==
    dependencies:
      xstream "^11.14.0"
  
  "@cosmjs/tendermint-rpc@^0.32.3":
    version "0.32.3"
    resolved "https://registry.yarnpkg.com/@cosmjs/tendermint-rpc/-/tendermint-rpc-0.32.3.tgz#f0406b9f0233e588fb924dca8c614972f9038aff"
    integrity sha512-xeprW+VR9xKGstqZg0H/KBZoUp8/FfFyS9ljIUTLM/UINjP2MhiwncANPS2KScfJVepGufUKk0/phHUeIBSEkw==
    dependencies:
      "@cosmjs/crypto" "^0.32.3"
      "@cosmjs/encoding" "^0.32.3"
      "@cosmjs/json-rpc" "^0.32.3"
      "@cosmjs/math" "^0.32.3"
      "@cosmjs/socket" "^0.32.3"
      "@cosmjs/stream" "^0.32.3"
      "@cosmjs/utils" "^0.32.3"
      axios "^1.6.0"
      readonly-date "^1.0.0"
      xstream "^11.14.0"
  
  "@cosmjs/utils@^0.32.3":
    version "0.32.3"
    resolved "https://registry.yarnpkg.com/@cosmjs/utils/-/utils-0.32.3.tgz#5dcaee6dd7cc846cdc073e9a7a7f63242f5f7e31"
    integrity sha512-WCZK4yksj2hBDz4w7xFZQTRZQ/RJhBX26uFHmmQFIcNUUVAihrLO+RerqJgk0dZqC42wstM9pEUQGtPmLcIYvg==
  
  "@ethersproject/abi@^5.7.0":
    version "5.7.0"
    resolved "https://registry.yarnpkg.com/@ethersproject/abi/-/abi-5.7.0.tgz#b3f3e045bbbeed1af3947335c247ad625a44e449"
    integrity sha512-351ktp42TiRcYB3H1OP8yajPeAQstMW/yCFokj/AthP9bLHzQFPlOrxOcwYEDkUAICmOHljvN4K39OMTMUa9RA==
    dependencies:
      "@ethersproject/address" "^5.7.0"
      "@ethersproject/bignumber" "^5.7.0"
      "@ethersproject/bytes" "^5.7.0"
      "@ethersproject/constants" "^5.7.0"
      "@ethersproject/hash" "^5.7.0"
      "@ethersproject/keccak256" "^5.7.0"
      "@ethersproject/logger" "^5.7.0"
      "@ethersproject/properties" "^5.7.0"
      "@ethersproject/strings" "^5.7.0"
  
  "@ethersproject/abstract-provider@^5.7.0":
    version "5.7.0"
    resolved "https://registry.yarnpkg.com/@ethersproject/abstract-provider/-/abstract-provider-5.7.0.tgz#b0a8550f88b6bf9d51f90e4795d48294630cb9ef"
    integrity sha512-R41c9UkchKCpAqStMYUpdunjo3pkEvZC3FAwZn5S5MGbXoMQOHIdHItezTETxAO5bevtMApSyEhn9+CHcDsWBw==
    dependencies:
      "@ethersproject/bignumber" "^5.7.0"
      "@ethersproject/bytes" "^5.7.0"
      "@ethersproject/logger" "^5.7.0"
      "@ethersproject/networks" "^5.7.0"
      "@ethersproject/properties" "^5.7.0"
      "@ethersproject/transactions" "^5.7.0"
      "@ethersproject/web" "^5.7.0"
  
  "@ethersproject/abstract-signer@^5.7.0":
    version "5.7.0"
    resolved "https://regis